proguard/seeds.txt
com.iecho.main.AboutIechoActivity
com.iecho.main.ChangePasswordActivity
com.iecho.main.ContactSearchResultActivity
com.iecho.main.ContactsActivity
com.iecho.main.CreateNewNotificationActivity
com.iecho.main.EditProfileActivity
com.iecho.main.FindMeIncomingRequestActivity
com.iecho.main.FollowYouIncomingRequestActivity
com.iecho.main.FollowYouOutgoingRequestActivity
com.iecho.main.ForgotPasswordActivity
com.iecho.main.FriendLocationMapActivity
com.iecho.main.FriendMeOutgoingPendingReqActivity
com.iecho.main.FriendPendingRequestsActivity
com.iecho.main.FriendRequestActivity
com.iecho.main.GroupChooserActivity
com.iecho.main.HomeActivity
com.iecho.main.IechoSplashActivity
com.iecho.main.LoginActivity
com.iecho.main.MakeRequestActivity
com.iecho.main.ManageNotificationActivity
com.iecho.main.MyPendingRequestsActivity
com.iecho.main.NotificationEditActivity
com.iecho.main.NotificationsActivity
com.iecho.main.RegisterUserActivity
com.iecho.main.RequestsActivity
com.iecho.main.SendNotificationActivity
com.iecho.main.SettingsActivity
com.iecho.main.ViewAcceptedFindMeRequestActivity
com.iecho.main.ViewAcceptedFollowYouRequestActivity
com.iecho.main.ViewFriendProfileActivity
com.iecho.main.ViewPendingRequestActivity
...
com.iecho.services.LocationListUpdateService
com.iecho.services.SendUpdatedLocationService