proguard/mapping.txt
com.iecho.main.AboutIechoActivity -> com.iecho.main.AboutIechoActivity:
    android.widget.LinearLayout linearLayout -> a
    android.content.Context context -> b
    void onCreate(android.os.Bundle) -> onCreate
    void onResume() -> onResume
com.iecho.main.AboutIechoActivity$1 -> com.iecho.main.a:
    com.iecho.main.AboutIechoActivity this$0 -> a
    void onClick(android.view.View) -> onClick
com.iecho.main.ChangePasswordActivity -> com.iecho.main.ChangePasswordActivity:
    android.widget.EditText oldPasswordEditText -> b
    android.widget.EditText newPasswordEditText -> c
    android.widget.EditText renewPasswordEditText -> d
    android.widget.Button changePasswordButton -> e
    android.widget.Button homeButton -> f
    android.content.Context context -> a
    com.iecho.webservice.WebServiceConnection serviceConnection -> g
    android.os.Handler changePasswordHandler -> h
    android.app.ProgressDialog progressDialog -> i
    java.util.HashMap responseHashMap -> j
    java.lang.String status -> k
    java.lang.String statusMessage -> l
    android.content.SharedPreferences sharedPreferences -> m
    void onCreate(android.os.Bundle) -> onCreate
    void onResume() -> onResume
    android.app.ProgressDialog access$0(com.iecho.main.ChangePasswordActivity) -> a
    com.iecho.webservice.WebServiceConnection access$1(com.iecho.main.ChangePasswordActivity) -> b
    void access$2(com.iecho.main.ChangePasswordActivity,java.util.HashMap) -> a
    java.util.HashMap access$3(com.iecho.main.ChangePasswordActivity) -> c
    void access$4(com.iecho.main.ChangePasswordActivity,java.lang.String) -> a
    void access$5(com.iecho.main.ChangePasswordActivity,java.lang.String) -> b
    java.lang.String access$6(com.iecho.main.ChangePasswordActivity) -> d
    java.lang.String access$7(com.iecho.main.ChangePasswordActivity) -> e
com.iecho.main.ChangePasswordActivity$1 -> com.iecho.main.b:
    com.iecho.main.ChangePasswordActivity this$0 -> a
    void onClick(android.view.View) -> onClick
com.iecho.main.ChangePasswordActivity$2 -> com.iecho.main.c:
    com.iecho.main.ChangePasswordActivity this$0 -> a
    void handleMessage(android.os.Message) -> handleMessage
com.iecho.main.ChangePasswordActivity$3 -> com.iecho.main.d:
    com.iecho.main.ChangePasswordActivity this$0 -> a
    void onClick(android.view.View) -> onClick
    com.iecho.main.ChangePasswordActivity access$0(com.iecho.main.ChangePasswordActivity$3) -> a
com.iecho.main.ChangePasswordActivity$3$1 -> com.iecho.main.e:
    com.iecho.main.ChangePasswordActivity$3 this$1 -> a
    java.lang.String val$oldPassword -> b
    java.lang.String val$newPassword -> c
    void run() -> run
com.iecho.main.ChangePasswordActivity$4 -> com.iecho.main.f:
    com.iecho.main.ChangePasswordActivity this$0 -> a
    void onClick(android.view.View) -> onClick
...
org.ksoap2.transport.HttpTransportSE -> a.b.b.c:
    void call(java.lang.String,org.ksoap2.SoapEnvelope) -> a
    org.ksoap2.transport.ServiceConnection getServiceConnection() -> a
org.ksoap2.transport.ServiceConnection -> a.b.b.d:
    void connect() -> a
    void disconnect() -> b
    void setRequestProperty(java.lang.String,java.lang.String) -> a
    void setRequestMethod(java.lang.String) -> a
    java.io.OutputStream openOutputStream() -> c
    java.io.InputStream openInputStream() -> d
    java.io.InputStream getErrorStream() -> e
org.ksoap2.transport.ServiceConnectionSE -> a.b.b.e:
    java.net.HttpURLConnection connection -> a
    void connect() -> a
    void disconnect() -> b
    void setRequestProperty(java.lang.String,java.lang.String) -> a
    void setRequestMethod(java.lang.String) -> a
    java.io.OutputStream openOutputStream() -> c
    java.io.InputStream openInputStream() -> d
    java.io.InputStream getErrorStream() -> e
org.ksoap2.transport.Transport -> a.b.b.f:
    java.lang.String url -> a
    boolean debug -> b
    java.lang.String requestDump -> c
    java.lang.String responseDump -> d
    java.lang.String xmlVersionTag -> e
    byte[] createRequestData(org.ksoap2.SoapEnvelope) -> a
org.kxml2.io.KXmlParser -> a.c.a.a:
    java.lang.Object location -> b
    java.lang.String version -> c
    java.lang.Boolean standalone -> d
    boolean processNsp -> e
    boolean relaxed -> f
    java.util.Hashtable entityMap -> g
    int depth -> h
    java.lang.String[] elementStack -> i
    java.lang.String[] nspStack -> j
    int[] nspCounts -> k
    java.io.Reader reader -> l
    java.lang.String encoding -> m
    char[] srcBuf -> n
    int srcPos -> o
    int srcCount -> p
    int line -> q
    int column -> r
    char[] txtBuf -> s
    int txtPos -> t
    int type -> u
    boolean isWhitespace -> v
    java.lang.String namespace -> w
    java.lang.String prefix -> x
    java.lang.String name -> y
    boolean degenerated -> z
    int attributeCount -> A
    java.lang.String[] attributes -> B
    java.lang.String error -> C
    int[] peek -> D
    int peekCount -> E
    boolean wasCR -> F
    boolean unresolved -> G
    boolean token -> H
    boolean adjustNsp() -> o
    java.lang.String[] ensureCapacity(java.lang.String[],int) -> a
    void error(java.lang.String) -> c
    void exception(java.lang.String) -> d
    void nextImpl() -> p
    int parseLegacy(boolean) -> a
    void parseDoctype(boolean) -> b
    int peekType() -> q
    java.lang.String get(int) -> g
    void push(int) -> h
    void parseStartTag(boolean) -> c
    void pushEntity() -> r
    void pushText(int,boolean) -> a
    void read(char) -> a
    int read() -> s
    int peek(int) -> i
org.kxml2.io.KXmlSerializer -> a.c.a.b:
    java.io.Writer writer -> a
    boolean pending -> b
    int auto -> c
    int depth -> d
    java.lang.String[] elementStack -> e
    int[] nspCounts -> f
    java.lang.String[] nspStack -> g
    boolean[] indent -> h
    boolean unicode -> i
    java.lang.String encoding -> j
    void check(boolean) -> a
    void writeEscaped(java.lang.String,int) -> a
    void docdecl(java.lang.String) -> a
    void entityRef(java.lang.String) -> b
    java.lang.String getPrefix(java.lang.String,boolean) -> a
    java.lang.String getPrefix(java.lang.String,boolean,boolean) -> a
    void ignorableWhitespace(java.lang.String) -> c
    void setPrefix(java.lang.String,java.lang.String) -> a
    void setOutput$6ee891b1(java.io.OutputStream) -> a
    org.xmlpull.v1.XmlSerializer startTag(java.lang.String,java.lang.String) -> b
    org.xmlpull.v1.XmlSerializer attribute(java.lang.String,java.lang.String,java.lang.String) -> a
    void flush() -> a
    org.xmlpull.v1.XmlSerializer endTag(java.lang.String,java.lang.String) -> c
    int getDepth() -> b
    org.xmlpull.v1.XmlSerializer text(java.lang.String) -> d
    void cdsect(java.lang.String) -> e
    void comment(java.lang.String) -> f
    void processingInstruction(java.lang.String) -> g