proguard/usage.txt
com.iecho.main.AboutIechoActivity:
    private android.content.Intent locationServiceIntent
com.iecho.main.ChangePasswordActivity:
    private android.content.Intent locationServiceIntent
com.iecho.main.ContactSearchResultActivity:
    private android.graphics.Bitmap[] imageBitmaps
    private android.content.Intent locationServiceIntent
com.iecho.main.ContactsActivity:
    private android.content.Intent locationServiceIntent
    1354:1365:private void updateWebContacts()
    73:73:static synthetic void access$50(com.iecho.main.ContactsActivity,com.iecho.webservice.WebServiceConnection)
    72:72:static synthetic android.os.Handler access$51(com.iecho.main.ContactsActivity)
com.iecho.main.ContactsActivity$22
com.iecho.main.CreateNewNotificationActivity:
    private android.content.Intent locationServiceIntent
com.iecho.main.EditProfileActivity:
    private static final int CAMERA_REQUEST
    private android.content.Intent locationServiceIntent
com.iecho.main.FindMeIncomingRequestActivity:
    private java.lang.String firstName
    private java.lang.String lastName
    private java.lang.String contactName
    private java.lang.String userEmail
    private java.lang.String userid
    private android.content.Intent locationServiceIntent
com.iecho.main.FollowYouIncomingRequestActivity:
    private java.lang.String firstName
    private java.lang.String lastName
    private java.lang.String contactName
    private java.lang.String userEmail
    private java.lang.String userid
    private android.content.Intent locationServiceIntent
com.iecho.main.FollowYouOutgoingRequestActivity:
    private java.lang.String firstName
    private java.lang.String lastName
    private java.lang.String contactName
    private java.lang.String userEmail
    private java.lang.String userid
    private android.content.Intent locationServiceIntent
com.iecho.main.FriendLocationMapActivity:
    private android.content.Intent locationServiceIntent
com.iecho.main.FriendMeOutgoingPendingReqActivity:
    private android.content.Intent locationServiceIntent
com.iecho.main.FriendPendingRequestsActivity:
    private android.content.Intent locationServiceIntent
com.iecho.main.FriendRequestActivity:
    private android.content.Intent locationServiceIntent
com.iecho.main.GroupChooserActivity:
    private android.content.Intent locationServiceIntent
com.iecho.main.HomeActivity:
    private android.os.Handler locationNamesHandler
    private com.iecho.webservice.WebServiceConnection resetRequestsServiceConnection
    private com.iecho.webservice.WebServiceConnection locationNamesServiceConnection
    private com.iecho.webservice.WebServiceConnection currentLocationNameServiceConnection
    private org.json.JSONObject locationResponseJsonObject
    private java.util.HashMap currentLocationResponseHashMap
com.iecho.main.MakeRequestActivity:
    private com.iecho.database.DataBaseConnectionManager connectionManager
com.iecho.main.ManageNotificationActivity:
    private android.content.Intent locationServiceIntent
    245:280:public void showDialog()
com.iecho.main.ManageNotificationActivity$3
com.iecho.main.ManageNotificationActivity$4
com.iecho.main.MyPendingRequestsActivity:
    private android.content.Intent locationServiceIntent
com.iecho.main.NotificationEditActivity:
    private android.content.Intent locationServiceIntent
com.iecho.main.NotificationsActivity:
    private android.content.Intent locationServiceIntent
com.iecho.main.R
com.iecho.main.R$attr
com.iecho.main.R$drawable
com.iecho.main.R$id
com.iecho.main.R$layout
com.iecho.main.R$string
com.iecho.main.RegisterUserActivity:
    private static final int CAMERA_REQUEST
com.iecho.main.SendNotificationActivity:
    private android.content.Intent locationServiceIntent
com.iecho.main.SettingsActivity:
    private boolean subs
    private android.widget.ImageView sosImageView
com.iecho.main.ViewAcceptedFindMeRequestActivity:
    private android.content.Intent locationServiceIntent
...
com.iecho.adapters.ContactResultListViewAdapter
com.iecho.adapters.ContactResultListViewAdapter$1
com.iecho.adapters.ContactResultListViewAdapter$2
com.iecho.adapters.ContactResultListViewAdapter$3
com.iecho.adapters.ContactResultListViewAdapter$4
com.iecho.adapters.ContactResultListViewAdapter$ViewHolder
com.iecho.adapters.ListViewCustomAdapter
com.iecho.adapters.ListViewCustomAdapter$1
com.iecho.adapters.ListViewCustomAdapter$2
com.iecho.adapters.ListViewCustomAdapter$3
com.iecho.adapters.ListViewCustomAdapter$4
com.iecho.adapters.ListViewCustomAdapter$ViewHolder
com.iecho.adapters.SeparatedListAdapter:
    public static final int TYPE_SECTION_HEADER
    90:90:public boolean areAllItemsSelectable()
com.iecho.database.DataBaseConnectionManager:
    261:273:public java.lang.String[] getContactId()
    348:358:public long updateContactRow(java.lang.String,java.lang.String,java.lang.String,java.lang.String,java.lang.String,java.lang.String,java.lang.String,long,java.lang.String)
    362:366:public long updateGroup(java.lang.String,int,long)
com.iecho.webservice.WebServiceConnection:
    213:238:public WebServiceConnection(java.lang.String,java.lang.String,java.lang.String,java.lang.String,java.lang.String,java.lang.String,java.lang.String,java.lang.String,java.lang.String,java.lang.String,java.lang.String,java.lang.String,java.lang.String,java.lang.String,java.lang.String)
    404:433:public WebServiceConnection(java.lang.String,java.lang.String,java.lang.String,java.lang.String,java.lang.String,java.lang.String,java.lang.String,java.lang.String,java.lang.String,java.lang.String,java.lang.String,java.lang.String,byte[])
org.kobjects.base64.Base64:
    26:26:public Base64()
org.kobjects.crypt.Crypt
org.kobjects.io.BoundInputStream
org.kobjects.io.LookAheadReader
org.kobjects.isodate.IsoDate
org.kobjects.mime.Decoder
org.kobjects.pim.PimField
org.kobjects.pim.PimItem
org.kobjects.pim.PimParser
org.kobjects.pim.PimWriter
org.kobjects.pim.VCard
org.kobjects.rss.RssReader
org.kobjects.util.ChainedRuntimeException
org.kobjects.util.Csv
org.kobjects.util.SingleEnumeration
org.kobjects.util.Strings
org.kobjects.util.Util
org.kobjects.xml.XmlReader
org.kobjects.xmlrpc.Driver
org.kobjects.xmlrpc.XmlRpcParser
org.ksoap2.SoapEnvelope:
    public static final int VER10
    public static final int VER11
    public static final int VER12
    public static final java.lang.String ENV2001
    public static final java.lang.String ENC2001
    public static final java.lang.String ENV
    public static final java.lang.String ENC
    public static final java.lang.String XSD
    public static final java.lang.String XSI
    public static final java.lang.String XSD1999
    public static final java.lang.String XSI1999
org.ksoap2.SoapFault:
    65:77:public void write(org.xmlpull.v1.XmlSerializer)
org.ksoap2.serialization.MarshalDate
org.ksoap2.serialization.MarshalFloat
org.ksoap2.serialization.MarshalHashtable
org.ksoap2.serialization.MarshalHashtable$ItemSoapObject
org.ksoap2.serialization.PropertyInfo:
    public static final int TRANSIENT
    public static final int MULTI_REF
    public static final int REF_ONLY
    82:86:public void clear()
    93:93:public org.ksoap2.serialization.PropertyInfo getElementType()
    102:103:public void setElementType(org.ksoap2.serialization.PropertyInfo)
    110:110:public int getFlags()
    119:120:public void setFlags(int)
    127:127:public boolean isMultiRef()
    136:137:public void setMultiRef(boolean)
    153:154:public void setName(java.lang.String)
    170:171:public void setNamespace(java.lang.String)
    178:178:public java.lang.Object getType()
    187:188:public void setType(java.lang.Object)
org.ksoap2.serialization.SoapObject:
    176:176:public java.lang.Object getAttribute(int)
    182:187:public java.lang.Object getAttribute(java.lang.String)
    295:297:public org.ksoap2.serialization.SoapObject addProperty(org.ksoap2.serialization.PropertyInfo,java.lang.Object)